<?xml version="1.0" encoding="UTF-8"?>
<!-- Generated by org.testng.reporters.JUnitReportReporter -->
<testsuite hostname="SEMINI-SURFACEBOOK2025" failures="0" tests="2" name="com.semini.LoginTest" time="12.691" errors="0" timestamp="2025-10-20T11:13:07 IST" skipped="0">
  <testcase classname="com.semini.LoginTest" name="testValidLogin" time="10.892"/>
  <testcase classname="com.semini.LoginTest" name="testInvalidLogin" time="1.799"/>
</testsuite> <!-- com.semini.LoginTest -->
